<?xml version="1.0" encoding="UTF-8"?>
<testng-results ignored="0" total="1" passed="1" failed="0" skipped="0">
  <reporter-output>
  </reporter-output>
  <suite started-at="2023-09-15T17:03:28 IST" name="Default suite" finished-at="2023-09-15T17:03:28 IST" duration-ms="205">
    <groups>
    </groups>
    <test started-at="2023-09-15T17:03:28 IST" name="Default test" finished-at="2023-09-15T17:03:28 IST" duration-ms="205">
      <class name="com.Payment.CreateAPI.test.approvePayment">
        <test-method signature="validateApporvalRequest(org.testng.ITestContext)[pri:0, instance:com.Payment.CreateAPI.test.approvePayment@48fa0f47]" started-at="2023-09-15T17:03:28 IST" name="validateApporvalRequest" finished-at="2023-09-15T17:03:28 IST" duration-ms="23" status="PASS">
          <params>
            <param index="0">
              <value>
                <![CDATA[org.testng.TestRunner@3a93b025]]>
              </value>
            </param>
          </params>
          <reporter-output>
          </reporter-output>
        </test-method> <!-- validateApporvalRequest -->
      </class> <!-- com.Payment.CreateAPI.test.approvePayment -->
    </test> <!-- Default test -->
  </suite> <!-- Default suite -->
</testng-results>
